0 info it worked if it ends with ok
1 verbose cli [ 'D:\\node\\node.exe',
1 verbose cli   'D:\\node\\node_modules\\npm\\bin\\npm-cli.js',
1 verbose cli   'install',
1 verbose cli   'socket' ]
2 info using npm@2.15.1
3 info using node@v4.4.4
4 verbose install initial load of E:\JS\socketecho\package.json
5 warn package.json hou@1.0.0 No repository field.
6 warn package.json hou@1.0.0 No README data
7 verbose installManyTop reading scoped package data from E:\JS\socketecho\node_modules\body-parser\package.json
8 verbose installManyTop reading scoped package data from E:\JS\socketecho\node_modules\express\package.json
9 verbose installManyTop reading scoped package data from E:\JS\socketecho\node_modules\http\package.json
10 verbose installManyTop reading scoped package data from E:\JS\socketecho\node_modules\morgan\package.json
11 verbose installManyTop reading scoped package data from E:\JS\socketecho\node_modules\path\package.json
12 verbose installManyTop reading scoped package data from E:\JS\socketecho\node_modules\socket.io\package.json
13 verbose installManyTop reading scoped package data from E:\JS\socketecho\node_modules\websocket.io\package.json
14 info package.json http@0.0.0 http is also the name of a node core module.
15 info package.json http@0.0.0 No description
16 info package.json http@0.0.0 No repository field.
17 info package.json path@0.12.7 path is also the name of a node core module.
18 info package.json websocket.io@0.2.1 No repository field.
19 info package.json websocket.io@0.2.1 No license field.
20 verbose readDependencies loading dependencies from E:\JS\socketecho\package.json
21 silly cache add args [ 'socket', null ]
22 verbose cache add spec socket
23 silly cache add parsed spec Result {
23 silly cache add   raw: 'socket',
23 silly cache add   scope: null,
23 silly cache add   name: 'socket',
23 silly cache add   rawSpec: '',
23 silly cache add   spec: 'latest',
23 silly cache add   type: 'tag' }
24 silly addNamed socket@latest
25 verbose addNamed "latest" is being treated as a dist-tag for socket
26 info addNameTag [ 'socket', 'latest' ]
27 silly mapToRegistry name socket
28 silly mapToRegistry using default registry
29 silly mapToRegistry registry https://registry.npmjs.org/
30 silly mapToRegistry data Result {
30 silly mapToRegistry   raw: 'socket',
30 silly mapToRegistry   scope: null,
30 silly mapToRegistry   name: 'socket',
30 silly mapToRegistry   rawSpec: '',
30 silly mapToRegistry   spec: 'latest',
30 silly mapToRegistry   type: 'tag' }
31 silly mapToRegistry uri https://registry.npmjs.org/socket
32 verbose addNameTag registry:https://registry.npmjs.org/socket not in flight; fetching
33 verbose request uri https://registry.npmjs.org/socket
34 verbose request no auth needed
35 info attempt registry request try #1 at 14:46:17
36 verbose request id e4537a2d6725087b
37 http request GET https://registry.npmjs.org/socket
38 http 200 https://registry.npmjs.org/socket
39 verbose headers { server: 'nginx/1.10.1',
39 verbose headers   'content-type': 'application/json',
39 verbose headers   'last-modified': 'Wed, 11 Feb 2015 23:42:12 GMT',
39 verbose headers   etag: 'W/"54dbe8d4-5f3"',
39 verbose headers   'content-encoding': 'gzip',
39 verbose headers   'cache-control': 'max-age=300',
39 verbose headers   'content-length': '640',
39 verbose headers   'accept-ranges': 'bytes',
39 verbose headers   date: 'Fri, 27 Jan 2017 06:45:36 GMT',
39 verbose headers   via: '1.1 varnish',
39 verbose headers   age: '0',
39 verbose headers   connection: 'keep-alive',
39 verbose headers   'x-served-by': 'cache-nrt6123-NRT',
39 verbose headers   'x-cache': 'MISS',
39 verbose headers   'x-cache-hits': '0',
39 verbose headers   'x-timer': 'S1485499536.479234,VS0,VE475',
39 verbose headers   vary: 'Accept-Encoding' }
40 silly get cb [ 200,
40 silly get   { server: 'nginx/1.10.1',
40 silly get     'content-type': 'application/json',
40 silly get     'last-modified': 'Wed, 11 Feb 2015 23:42:12 GMT',
40 silly get     etag: 'W/"54dbe8d4-5f3"',
40 silly get     'content-encoding': 'gzip',
40 silly get     'cache-control': 'max-age=300',
40 silly get     'content-length': '640',
40 silly get     'accept-ranges': 'bytes',
40 silly get     date: 'Fri, 27 Jan 2017 06:45:36 GMT',
40 silly get     via: '1.1 varnish',
40 silly get     age: '0',
40 silly get     connection: 'keep-alive',
40 silly get     'x-served-by': 'cache-nrt6123-NRT',
40 silly get     'x-cache': 'MISS',
40 silly get     'x-cache-hits': '0',
40 silly get     'x-timer': 'S1485499536.479234,VS0,VE475',
40 silly get     vary: 'Accept-Encoding' } ]
41 verbose get saving socket to C:\Users\Administrator\AppData\Roaming\npm-cache\registry.npmjs.org\socket\.cache.json
42 verbose correctMkdir C:\Users\Administrator\AppData\Roaming\npm-cache correctMkdir not in flight; initializing
43 silly addNameTag next cb for socket with tag latest
44 silly addNamed socket@0.0.1
45 verbose addNamed "0.0.1" is a plain semver version for socket
46 silly mapToRegistry name socket
47 silly mapToRegistry using default registry
48 silly mapToRegistry registry https://registry.npmjs.org/
49 silly mapToRegistry data Result {
49 silly mapToRegistry   raw: 'socket',
49 silly mapToRegistry   scope: null,
49 silly mapToRegistry   name: 'socket',
49 silly mapToRegistry   rawSpec: '',
49 silly mapToRegistry   spec: 'latest',
49 silly mapToRegistry   type: 'tag' }
50 silly mapToRegistry uri https://registry.npmjs.org/socket
51 verbose addRemoteTarball https://registry.npmjs.org/socket/-/socket-0.0.1.tgz not in flight; adding
52 verbose addRemoteTarball [ 'https://registry.npmjs.org/socket/-/socket-0.0.1.tgz',
52 verbose addRemoteTarball   '29ac6549f15a65b19f3444a4178d537a8c161a8b' ]
53 info retry fetch attempt 1 at 14:46:22
54 info attempt registry request try #1 at 14:46:22
55 http fetch GET https://registry.npmjs.org/socket/-/socket-0.0.1.tgz
56 http fetch 200 https://registry.npmjs.org/socket/-/socket-0.0.1.tgz
57 silly fetchAndShaCheck shasum 29ac6549f15a65b19f3444a4178d537a8c161a8b
58 verbose addTmpTarball C:\Users\ADMINI~1\AppData\Local\Temp\npm-9836-80ba8cd3\registry.npmjs.org\socket\-\socket-0.0.1.tgz not in flight; adding
59 verbose addTmpTarball already have metadata; skipping unpack for socket@0.0.1
60 verbose correctMkdir C:\Users\Administrator\AppData\Roaming\npm-cache correctMkdir not in flight; initializing
61 silly cache afterAdd socket@0.0.1
62 verbose afterAdd C:\Users\Administrator\AppData\Roaming\npm-cache\socket\0.0.1\package\package.json not in flight; writing
63 verbose correctMkdir C:\Users\Administrator\AppData\Roaming\npm-cache correctMkdir not in flight; initializing
64 verbose afterAdd C:\Users\Administrator\AppData\Roaming\npm-cache\socket\0.0.1\package\package.json written
65 silly install resolved [ { name: 'socket',
65 silly install resolved     description: 'Socket is a connect clone for simple socket based applications',
65 silly install resolved     version: '0.0.1',
65 silly install resolved     author:
65 silly install resolved      { name: 'Richard S Allinson',
65 silly install resolved        email: 'rsa@mounitainmansoftware.com' },
65 silly install resolved     main: 'index',
65 silly install resolved     engines: { node: '>= 0.6.0 < 0.7.0' },
65 silly install resolved     dependencies: { microtime: '=0.2.0' },
65 silly install resolved     repository: { type: 'git', url: 'git://github.com/capecodehq/socket.git' },
65 silly install resolved     license: 'MIT',
65 silly install resolved     _npmUser:
65 silly install resolved      { name: 'mountainmansoftware',
65 silly install resolved        email: 'npm@mountainmansoftware.com' },
65 silly install resolved     _id: 'socket@0.0.1',
65 silly install resolved     devDependencies: {},
65 silly install resolved     optionalDependencies: {},
65 silly install resolved     _engineSupported: true,
65 silly install resolved     _npmVersion: '1.1.0-3',
65 silly install resolved     _nodeVersion: 'v0.6.9',
65 silly install resolved     _defaultsLoaded: true,
65 silly install resolved     dist:
65 silly install resolved      { shasum: '29ac6549f15a65b19f3444a4178d537a8c161a8b',
65 silly install resolved        tarball: 'https://registry.npmjs.org/socket/-/socket-0.0.1.tgz' },
65 silly install resolved     maintainers: [ [Object] ],
65 silly install resolved     directories: {},
65 silly install resolved     _shasum: '29ac6549f15a65b19f3444a4178d537a8c161a8b',
65 silly install resolved     _resolved: 'https://registry.npmjs.org/socket/-/socket-0.0.1.tgz',
65 silly install resolved     _from: 'socket@latest' } ]
66 info install socket@0.0.1 into E:\JS\socketecho
67 info installOne socket@0.0.1
68 verbose installOne of socket to E:\JS\socketecho not in flight; installing
69 verbose correctMkdir C:\Users\Administrator\AppData\Roaming\npm-cache\_locks correctMkdir not in flight; initializing
70 verbose lock using C:\Users\Administrator\AppData\Roaming\npm-cache\_locks\socket-52c51a2de043e593.lock for E:\JS\socketecho\node_modules\socket
71 warn engine socket@0.0.1: wanted: {"node":">= 0.6.0 < 0.7.0"} (current: {"node":"4.4.4","npm":"2.15.1"})
72 silly install write writing socket 0.0.1 to E:\JS\socketecho\node_modules\socket
73 verbose unbuild node_modules\socket
74 silly gentlyRm E:\JS\socketecho\node_modules\socket is being purged from base E:\JS\socketecho
75 verbose gentlyRm don't care about contents; nuking E:\JS\socketecho\node_modules\socket
76 verbose tar unpack C:\Users\Administrator\AppData\Roaming\npm-cache\socket\0.0.1\package.tgz
77 verbose tar unpacking to E:\JS\socketecho\node_modules\socket
78 silly gentlyRm E:\JS\socketecho\node_modules\socket is being purged
79 verbose gentlyRm don't care about contents; nuking E:\JS\socketecho\node_modules\socket
80 silly gunzTarPerm modes [ '777', '666' ]
81 silly gunzTarPerm extractEntry examples/
82 silly gunzTarPerm modified mode [ 'examples/', 493, 511 ]
83 silly gunzTarPerm extractEntry examples/echo-server.js
84 silly gunzTarPerm modified mode [ 'examples/echo-server.js', 420, 438 ]
85 silly gunzTarPerm extractEntry examples/simple-test.js
86 silly gunzTarPerm modified mode [ 'examples/simple-test.js', 420, 438 ]
87 silly gunzTarPerm extractEntry examples/simple-time-server.js
88 silly gunzTarPerm modified mode [ 'examples/simple-time-server.js', 420, 438 ]
89 silly gunzTarPerm extractEntry index.js
90 silly gunzTarPerm modified mode [ 'index.js', 420, 438 ]
91 silly gunzTarPerm extractEntry lib/
92 silly gunzTarPerm modified mode [ 'lib/', 493, 511 ]
93 silly gunzTarPerm extractEntry lib/index.js
94 silly gunzTarPerm modified mode [ 'lib/index.js', 420, 438 ]
95 silly gunzTarPerm extractEntry lib/middleware/
96 silly gunzTarPerm modified mode [ 'lib/middleware/', 493, 511 ]
97 silly gunzTarPerm extractEntry lib/middleware/echo.js
98 silly gunzTarPerm modified mode [ 'lib/middleware/echo.js', 420, 438 ]
99 silly gunzTarPerm extractEntry lib/middleware/errorHandler.js
100 silly gunzTarPerm modified mode [ 'lib/middleware/errorHandler.js', 420, 438 ]
101 silly gunzTarPerm extractEntry lib/middleware/json.js
102 silly gunzTarPerm modified mode [ 'lib/middleware/json.js', 420, 438 ]
103 silly gunzTarPerm extractEntry lib/middleware/profiler.js
104 silly gunzTarPerm modified mode [ 'lib/middleware/profiler.js', 420, 438 ]
105 silly gunzTarPerm extractEntry lib/proto.js
106 silly gunzTarPerm modified mode [ 'lib/proto.js', 420, 438 ]
107 silly gunzTarPerm extractEntry lib/utils.js
108 silly gunzTarPerm modified mode [ 'lib/utils.js', 420, 438 ]
109 silly gunzTarPerm extractEntry nbproject/
110 silly gunzTarPerm modified mode [ 'nbproject/', 493, 511 ]
111 silly gunzTarPerm extractEntry nbproject/private/
112 silly gunzTarPerm modified mode [ 'nbproject/private/', 493, 511 ]
113 silly gunzTarPerm extractEntry nbproject/private/private.properties
114 silly gunzTarPerm modified mode [ 'nbproject/private/private.properties', 420, 438 ]
115 silly gunzTarPerm extractEntry nbproject/project.properties
116 silly gunzTarPerm modified mode [ 'nbproject/project.properties', 420, 438 ]
117 silly gunzTarPerm extractEntry nbproject/project.xml
118 silly gunzTarPerm modified mode [ 'nbproject/project.xml', 420, 438 ]
119 silly gunzTarPerm extractEntry package.json
120 silly gunzTarPerm modified mode [ 'package.json', 420, 438 ]
121 silly gunzTarPerm extractEntry scripts/
122 silly gunzTarPerm modified mode [ 'scripts/', 493, 511 ]
123 silly gunzTarPerm extractEntry scripts/lint
124 silly gunzTarPerm modified mode [ 'scripts/lint', 493, 511 ]
125 verbose write writing to E:\JS\socketecho\node_modules\socket\package.json
126 info preinstall socket@0.0.1
127 verbose readDependencies loading dependencies from E:\JS\socketecho\node_modules\socket\package.json
128 silly prepareForInstallMany adding microtime@=0.2.0 from socket dependencies
129 verbose readDependencies loading dependencies from E:\JS\socketecho\node_modules\socket\package.json
130 silly cache add args [ 'microtime@=0.2.0', null ]
131 verbose cache add spec microtime@=0.2.0
132 silly cache add parsed spec Result {
132 silly cache add   raw: 'microtime@=0.2.0',
132 silly cache add   scope: null,
132 silly cache add   name: 'microtime',
132 silly cache add   rawSpec: '=0.2.0',
132 silly cache add   spec: '0.2.0',
132 silly cache add   type: 'version' }
133 silly addNamed microtime@0.2.0
134 verbose addNamed "0.2.0" is a plain semver version for microtime
135 silly mapToRegistry name microtime
136 silly mapToRegistry using default registry
137 silly mapToRegistry registry https://registry.npmjs.org/
138 silly mapToRegistry data Result {
138 silly mapToRegistry   raw: 'microtime',
138 silly mapToRegistry   scope: null,
138 silly mapToRegistry   name: 'microtime',
138 silly mapToRegistry   rawSpec: '',
138 silly mapToRegistry   spec: 'latest',
138 silly mapToRegistry   type: 'tag' }
139 silly mapToRegistry uri https://registry.npmjs.org/microtime
140 verbose addNameVersion registry:https://registry.npmjs.org/microtime not in flight; fetching
141 verbose request uri https://registry.npmjs.org/microtime
142 verbose request no auth needed
143 info attempt registry request try #1 at 14:46:23
144 http request GET https://registry.npmjs.org/microtime
145 http 200 https://registry.npmjs.org/microtime
146 verbose headers { server: 'nginx/1.10.1',
146 verbose headers   'content-type': 'application/json',
146 verbose headers   'last-modified': 'Thu, 01 Dec 2016 16:01:41 GMT',
146 verbose headers   etag: 'W/"58404965-7448"',
146 verbose headers   'content-encoding': 'gzip',
146 verbose headers   'cache-control': 'max-age=300',
146 verbose headers   'content-length': '4491',
146 verbose headers   'accept-ranges': 'bytes',
146 verbose headers   date: 'Fri, 27 Jan 2017 06:45:38 GMT',
146 verbose headers   via: '1.1 varnish',
146 verbose headers   age: '0',
146 verbose headers   connection: 'keep-alive',
146 verbose headers   'x-served-by': 'cache-nrt6123-NRT',
146 verbose headers   'x-cache': 'HIT',
146 verbose headers   'x-cache-hits': '1',
146 verbose headers   'x-timer': 'S1485499537.938411,VS0,VE125',
146 verbose headers   vary: 'Accept-Encoding' }
147 silly get cb [ 200,
147 silly get   { server: 'nginx/1.10.1',
147 silly get     'content-type': 'application/json',
147 silly get     'last-modified': 'Thu, 01 Dec 2016 16:01:41 GMT',
147 silly get     etag: 'W/"58404965-7448"',
147 silly get     'content-encoding': 'gzip',
147 silly get     'cache-control': 'max-age=300',
147 silly get     'content-length': '4491',
147 silly get     'accept-ranges': 'bytes',
147 silly get     date: 'Fri, 27 Jan 2017 06:45:38 GMT',
147 silly get     via: '1.1 varnish',
147 silly get     age: '0',
147 silly get     connection: 'keep-alive',
147 silly get     'x-served-by': 'cache-nrt6123-NRT',
147 silly get     'x-cache': 'HIT',
147 silly get     'x-cache-hits': '1',
147 silly get     'x-timer': 'S1485499537.938411,VS0,VE125',
147 silly get     vary: 'Accept-Encoding' } ]
148 verbose get saving microtime to C:\Users\Administrator\AppData\Roaming\npm-cache\registry.npmjs.org\microtime\.cache.json
149 verbose correctMkdir C:\Users\Administrator\AppData\Roaming\npm-cache correctMkdir not in flight; initializing
150 silly mapToRegistry name microtime
151 silly mapToRegistry using default registry
152 silly mapToRegistry registry https://registry.npmjs.org/
153 silly mapToRegistry data Result {
153 silly mapToRegistry   raw: 'microtime',
153 silly mapToRegistry   scope: null,
153 silly mapToRegistry   name: 'microtime',
153 silly mapToRegistry   rawSpec: '',
153 silly mapToRegistry   spec: 'latest',
153 silly mapToRegistry   type: 'tag' }
154 silly mapToRegistry uri https://registry.npmjs.org/microtime
155 verbose addRemoteTarball https://registry.npmjs.org/microtime/-/microtime-0.2.0.tgz not in flight; adding
156 verbose addRemoteTarball [ 'https://registry.npmjs.org/microtime/-/microtime-0.2.0.tgz',
156 verbose addRemoteTarball   '45ee5cb061f9948a3ade221e620d5117a8a2bdb4' ]
157 info retry fetch attempt 1 at 14:46:23
158 info attempt registry request try #1 at 14:46:23
159 http fetch GET https://registry.npmjs.org/microtime/-/microtime-0.2.0.tgz
160 http fetch 200 https://registry.npmjs.org/microtime/-/microtime-0.2.0.tgz
161 silly fetchAndShaCheck shasum 45ee5cb061f9948a3ade221e620d5117a8a2bdb4
162 verbose addTmpTarball C:\Users\ADMINI~1\AppData\Local\Temp\npm-9836-80ba8cd3\registry.npmjs.org\microtime\-\microtime-0.2.0.tgz not in flight; adding
163 verbose addTmpTarball already have metadata; skipping unpack for microtime@0.2.0
164 verbose correctMkdir C:\Users\Administrator\AppData\Roaming\npm-cache correctMkdir not in flight; initializing
165 silly cache afterAdd microtime@0.2.0
166 verbose afterAdd C:\Users\Administrator\AppData\Roaming\npm-cache\microtime\0.2.0\package\package.json not in flight; writing
167 verbose correctMkdir C:\Users\Administrator\AppData\Roaming\npm-cache correctMkdir not in flight; initializing
168 verbose afterAdd C:\Users\Administrator\AppData\Roaming\npm-cache\microtime\0.2.0\package\package.json written
169 silly install resolved [ { name: 'microtime',
169 silly install resolved     version: '0.2.0',
169 silly install resolved     description: 'Get the current time in microseconds',
169 silly install resolved     author:
169 silly install resolved      { name: 'Wade Simmons',
169 silly install resolved        email: 'wade@wades.im',
169 silly install resolved        url: 'http://wades.im/mons' },
169 silly install resolved     homepage: 'https://github.com/wadey/node-microtime',
169 silly install resolved     repository:
169 silly install resolved      { type: 'git',
169 silly install resolved        url: 'git://github.com/wadey/node-microtime.git' },
169 silly install resolved     main: './index',
169 silly install resolved     engines: { node: '>= 0.2.0' },
169 silly install resolved     scripts: { install: 'node-waf configure build', test: 'node test.js' },
169 silly install resolved     _npmUser: { name: 'wadey', email: 'wade@wades.im' },
169 silly install resolved     _id: 'microtime@0.2.0',
169 silly install resolved     dependencies: {},
169 silly install resolved     devDependencies: {},
169 silly install resolved     _engineSupported: true,
169 silly install resolved     _npmVersion: '1.0.103',
169 silly install resolved     _nodeVersion: 'v0.4.11',
169 silly install resolved     _defaultsLoaded: true,
169 silly install resolved     dist:
169 silly install resolved      { shasum: '45ee5cb061f9948a3ade221e620d5117a8a2bdb4',
169 silly install resolved        tarball: 'https://registry.npmjs.org/microtime/-/microtime-0.2.0.tgz' },
169 silly install resolved     maintainers: [ [Object] ],
169 silly install resolved     directories: {},
169 silly install resolved     _shasum: '45ee5cb061f9948a3ade221e620d5117a8a2bdb4',
169 silly install resolved     _resolved: 'https://registry.npmjs.org/microtime/-/microtime-0.2.0.tgz',
169 silly install resolved     _from: 'microtime@0.2.0' } ]
170 info install microtime@0.2.0 into E:\JS\socketecho\node_modules\socket
171 info installOne microtime@0.2.0
172 verbose installOne of microtime to E:\JS\socketecho\node_modules\socket not in flight; installing
173 verbose correctMkdir C:\Users\Administrator\AppData\Roaming\npm-cache\_locks correctMkdir not in flight; initializing
174 verbose lock using C:\Users\Administrator\AppData\Roaming\npm-cache\_locks\microtime-6e3f3942b8505eda.lock for E:\JS\socketecho\node_modules\socket\node_modules\microtime
175 silly install write writing microtime 0.2.0 to E:\JS\socketecho\node_modules\socket\node_modules\microtime
176 verbose unbuild node_modules\socket\node_modules\microtime
177 silly gentlyRm E:\JS\socketecho\node_modules\socket\node_modules\microtime is being purged from base E:\JS\socketecho
178 verbose gentlyRm don't care about contents; nuking E:\JS\socketecho\node_modules\socket\node_modules\microtime
179 verbose tar unpack C:\Users\Administrator\AppData\Roaming\npm-cache\microtime\0.2.0\package.tgz
180 verbose tar unpacking to E:\JS\socketecho\node_modules\socket\node_modules\microtime
181 silly gentlyRm E:\JS\socketecho\node_modules\socket\node_modules\microtime is being purged
182 verbose gentlyRm don't care about contents; nuking E:\JS\socketecho\node_modules\socket\node_modules\microtime
183 silly gunzTarPerm modes [ '777', '666' ]
184 silly gunzTarPerm extractEntry index.js
185 silly gunzTarPerm modified mode [ 'index.js', 420, 438 ]
186 silly gunzTarPerm extractEntry LICENSE
187 silly gunzTarPerm modified mode [ 'LICENSE', 420, 438 ]
188 silly gunzTarPerm extractEntry package.json
189 silly gunzTarPerm modified mode [ 'package.json', 420, 438 ]
190 silly gunzTarPerm extractEntry README.md
191 silly gunzTarPerm modified mode [ 'README.md', 420, 438 ]
192 silly gunzTarPerm extractEntry test.js
193 silly gunzTarPerm modified mode [ 'test.js', 420, 438 ]
194 silly gunzTarPerm extractEntry wscript
195 silly gunzTarPerm modified mode [ 'wscript', 420, 438 ]
196 silly gunzTarPerm extractEntry src/microtime.cc
197 silly gunzTarPerm modified mode [ 'src/microtime.cc', 420, 438 ]
198 verbose write writing to E:\JS\socketecho\node_modules\socket\node_modules\microtime\package.json
199 info preinstall microtime@0.2.0
200 verbose readDependencies loading dependencies from E:\JS\socketecho\node_modules\socket\node_modules\microtime\package.json
201 verbose readDependencies loading dependencies from E:\JS\socketecho\node_modules\socket\node_modules\microtime\package.json
202 silly install resolved []
203 verbose about to build E:\JS\socketecho\node_modules\socket\node_modules\microtime
204 info build E:\JS\socketecho\node_modules\socket\node_modules\microtime
205 info linkStuff microtime@0.2.0
206 silly linkStuff microtime@0.2.0 has E:\JS\socketecho\node_modules\socket\node_modules as its parent node_modules
207 verbose linkBins microtime@0.2.0
208 verbose linkMans microtime@0.2.0
209 verbose rebuildBundles microtime@0.2.0
210 info install microtime@0.2.0
211 verbose unsafe-perm in lifecycle true
212 info microtime@0.2.0 Failed to exec install script
213 verbose unlock done using C:\Users\Administrator\AppData\Roaming\npm-cache\_locks\microtime-6e3f3942b8505eda.lock for E:\JS\socketecho\node_modules\socket\node_modules\microtime
214 verbose about to build E:\JS\socketecho\node_modules\socket
215 verbose unlock done using C:\Users\Administrator\AppData\Roaming\npm-cache\_locks\socket-52c51a2de043e593.lock for E:\JS\socketecho\node_modules\socket
216 verbose stack Error: microtime@0.2.0 install: `node-waf configure build`
216 verbose stack Exit status 1
216 verbose stack     at EventEmitter.<anonymous> (D:\node\node_modules\npm\lib\utils\lifecycle.js:217:16)
216 verbose stack     at emitTwo (events.js:87:13)
216 verbose stack     at EventEmitter.emit (events.js:172:7)
216 verbose stack     at ChildProcess.<anonymous> (D:\node\node_modules\npm\lib\utils\spawn.js:24:14)
216 verbose stack     at emitTwo (events.js:87:13)
216 verbose stack     at ChildProcess.emit (events.js:172:7)
216 verbose stack     at maybeClose (internal/child_process.js:827:16)
216 verbose stack     at Process.ChildProcess._handle.onexit (internal/child_process.js:211:5)
217 verbose pkgid microtime@0.2.0
218 verbose cwd E:\JS\socketecho
219 error Windows_NT 6.1.7601
220 error argv "D:\\node\\node.exe" "D:\\node\\node_modules\\npm\\bin\\npm-cli.js" "install" "socket"
221 error node v4.4.4
222 error npm  v2.15.1
223 error code ELIFECYCLE
224 error microtime@0.2.0 install: `node-waf configure build`
224 error Exit status 1
225 error Failed at the microtime@0.2.0 install script 'node-waf configure build'.
225 error This is most likely a problem with the microtime package,
225 error not with npm itself.
225 error Tell the author that this fails on your system:
225 error     node-waf configure build
225 error You can get information on how to open an issue for this project with:
225 error     npm bugs microtime
225 error Or if that isn't available, you can get their info via:
225 error
225 error     npm owner ls microtime
225 error There is likely additional logging output above.
226 verbose exit [ 1, true ]
227 verbose unbuild node_modules\socket\node_modules\microtime
228 info preuninstall microtime@0.2.0
229 info uninstall microtime@0.2.0
230 verbose unbuild rmStuff microtime@0.2.0 from E:\JS\socketecho\node_modules
231 verbose unbuild rmStuff in E:\JS\socketecho\node_modules\socket\node_modules
232 info postuninstall microtime@0.2.0
233 silly gentlyRm E:\JS\socketecho\node_modules\socket\node_modules\microtime is being purged from base E:\JS\socketecho
234 verbose gentlyRm don't care about contents; nuking E:\JS\socketecho\node_modules\socket\node_modules\microtime
235 silly vacuum-fs purging E:\JS\socketecho\node_modules\socket\node_modules\microtime
236 silly vacuum-fs removing E:\JS\socketecho\node_modules\socket\node_modules
237 silly vacuum-fs quitting because other entries in E:\JS\socketecho\node_modules\socket
238 verbose unbuild node_modules\socket
239 info preuninstall socket@0.0.1
240 info uninstall socket@0.0.1
241 verbose unbuild rmStuff socket@0.0.1 from E:\JS\socketecho\node_modules
242 info postuninstall socket@0.0.1
243 silly gentlyRm E:\JS\socketecho\node_modules\socket is being purged from base E:\JS\socketecho
244 verbose gentlyRm don't care about contents; nuking E:\JS\socketecho\node_modules\socket
245 silly vacuum-fs purging E:\JS\socketecho\node_modules\socket
246 silly vacuum-fs quitting because other entries in E:\JS\socketecho\node_modules
